..\..\bin\run_d.ilk
..\..\bin\run_d.pdb
C:\USERS\FRED\DESKTOP\GAMES\PROJECTS\GITHUB\TICTACTOE\BIN\RUN_D.EXE
C:\USERS\FRED\DESKTOP\GAMES\PROJECTS\GITHUB\TICTACTOE\BIN\RUN_D.ILK
C:\USERS\FRED\DESKTOP\GAMES\PROJECTS\GITHUB\TICTACTOE\BIN\RUN_D.PDB
C:\Users\Fred\Desktop\Games\Projects\github\tictactoe\src\src\..\..\bin\run_d.exe
C:\Users\Fred\Desktop\Games\Projects\github\tictactoe\src\src\Debug\cl.command.1.tlog
C:\Users\Fred\Desktop\Games\Projects\github\tictactoe\src\src\Debug\CL.read.1.tlog
C:\Users\Fred\Desktop\Games\Projects\github\tictactoe\src\src\Debug\CL.write.1.tlog
C:\Users\Fred\Desktop\Games\Projects\github\tictactoe\src\src\Debug\link.command.1.tlog
C:\Users\Fred\Desktop\Games\Projects\github\tictactoe\src\src\Debug\link.read.1.tlog
C:\Users\Fred\Desktop\Games\Projects\github\tictactoe\src\src\Debug\link.write.1.tlog
C:\USERS\FRED\DESKTOP\GAMES\PROJECTS\GITHUB\TICTACTOE\SRC\SRC\DEBUG\MAIN.OBJ
C:\Users\Fred\Desktop\Games\Projects\github\tictactoe\src\src\Debug\mt.command.1.tlog
C:\Users\Fred\Desktop\Games\Projects\github\tictactoe\src\src\Debug\mt.read.1.tlog
C:\Users\Fred\Desktop\Games\Projects\github\tictactoe\src\src\Debug\mt.write.1.tlog
C:\USERS\FRED\DESKTOP\GAMES\PROJECTS\GITHUB\TICTACTOE\SRC\SRC\DEBUG\RUN_D.EXE.INTERMEDIATE.MANIFEST
C:\Users\Fred\Desktop\Games\Projects\github\tictactoe\src\src\Debug\src.vcxprojResolveAssemblyReference.cache
C:\Users\Fred\Desktop\Games\Projects\github\tictactoe\src\src\Debug\src.write.1.tlog
C:\Users\Fred\Desktop\Games\Projects\github\tictactoe\src\src\Debug\vc100.idb
C:\USERS\FRED\DESKTOP\GAMES\PROJECTS\GITHUB\TICTACTOE\SRC\SRC\DEBUG\VC100.PDB
